<?xml version="1.0" encoding="UTF-8"?>
<!-- Generated by org.testng.reporters.JUnitReportReporter -->
<testsuite hostname="DESKTOP-BT1UFBC" failures="0" tests="2" name="testng_concepts.demo2" time="0.004" errors="0" timestamp="2024-04-26T00:51:32 IST" skipped="0">
  <testcase classname="testng_concepts.demo2" name="test2" time="0.002"/>
  <system-out/>
  <testcase classname="testng_concepts.demo2" name="test1" time="0.002"/>
  <system-out/>
</testsuite> <!-- testng_concepts.demo2 -->
