<?xml version="1.0" encoding="UTF-8"?>
<!-- Generated by org.testng.reporters.JUnitReportReporter -->
<testsuite hostname="DESKTOP-BT1UFBC" failures="0" tests="2" name="testng_concepts.demo1" time="0.009" errors="0" timestamp="2024-05-02T01:17:54 IST" skipped="0">
  <testcase classname="testng_concepts.demo1" name="test1" time="0.008"/>
  <system-out/>
  <testcase classname="testng_concepts.demo1" name="test2" time="0.001"/>
  <system-out/>
</testsuite> <!-- testng_concepts.demo1 -->
