<?xml version="1.0" encoding="UTF-8"?>
<!-- Generated by org.testng.reporters.JUnitReportReporter -->
<testsuite hostname="DESKTOP-BT1UFBC" failures="0" tests="1" name="testcases.VerifyRegisterationTestCases" time="12.039" errors="0" timestamp="2024-05-10T01:29:56 IST" skipped="0">
  <testcase classname="testcases.VerifyRegisterationTestCases" name="verifyRegisterationWithValidData" time="12.039"/>
  <system-out/>
</testsuite> <!-- testcases.VerifyRegisterationTestCases -->
