<?xml version="1.0" encoding="UTF-8"?>
<!-- Generated by org.testng.reporters.JUnitReportReporter -->
<testsuite hostname="DESKTOP-BT1UFBC" failures="0" tests="1" name="testcases.VerifyLoginTestCases" time="8.906" errors="0" timestamp="2024-05-10T01:29:56 IST" skipped="0">
  <testcase classname="testcases.VerifyLoginTestCases" name="VerifyLoginwithValidData" time="8.906"/>
  <system-out/>
</testsuite> <!-- testcases.VerifyLoginTestCases -->
